-------------------------------------------------------------------------------
Test set: com.example.proyecto.web.grupo1.ProyectoWebGrupo1ApplicationTests
-------------------------------------------------------------------------------
Tests run: 1, Failures: 0, Errors: 1, Skipped: 0, Time elapsed: 11.122 s <<< FAILURE! - in com.example.proyecto.web.grupo1.ProyectoWebGrupo1ApplicationTests
contextLoads  Time elapsed: 0.006 s  <<< ERROR!
java.lang.IllegalStateException: Failed to load ApplicationContext
Caused by: org.springframework.beans.factory.BeanCreationException: 
Error creating bean with name 'requestMappingHandlerMapping' defined in class path resource [org/springframework/boot/autoconfigure/web/servlet/WebMvcAutoConfiguration$EnableWebMvcConfiguration.class]: Invocation of init method failed; nested exception is java.lang.IllegalStateException: Ambiguous mapping. Cannot map 'controladorClientes' method 
com.example.proyecto.web.grupo1.ControladorClientes#Actualizar(int, String, String, String, Model)
to {POST [/actualizarCamiones]}: There is already 'controladorCamion' bean method
com.example.proyecto.web.grupo1.ControladorCamion#Actualizar(int, Carretas, String, Tractos, String, String, Model) mapped.
Caused by: java.lang.IllegalStateException: 
Ambiguous mapping. Cannot map 'controladorClientes' method 
com.example.proyecto.web.grupo1.ControladorClientes#Actualizar(int, String, String, String, Model)
to {POST [/actualizarCamiones]}: There is already 'controladorCamion' bean method
com.example.proyecto.web.grupo1.ControladorCamion#Actualizar(int, Carretas, String, Tractos, String, String, Model) mapped.

